<?xml version="1.0" encoding="UTF-8"?>
<!-- Generated by org.testng.reporters.JUnitXMLReporter -->
<testsuite hostname="Brij-SNH" ignored="3" name="Default test" tests="1" failures="0" timestamp="2020-07-15T16:05:43 IST" time="2.371" errors="0">
  <testcase name="getListOfUsers2" time="2.337" classname="pkg1.TestClass2"/>
  <testcase name="getListOfUsers1" time="0.0" classname="pkg1.TestClass2">
    <ignored/>
  </testcase> <!-- getListOfUsers1 -->
  <testcase name="getListOfUsers" time="0.0" classname="pkg1.TestClass2">
    <ignored/>
  </testcase> <!-- getListOfUsers -->
  <testcase name="getListOfUsers3" time="0.0" classname="pkg1.TestClass2">
    <ignored/>
  </testcase> <!-- getListOfUsers3 -->
</testsuite> <!-- Default test -->
