<?xml version="1.0" encoding="UTF-8"?>
<!-- Generated by org.testng.reporters.JUnitXMLReporter -->
<testsuite hostname="Brij-SNH" ignored="3" name="Default test" tests="1" failures="0" timestamp="2020-07-20T20:00:31 IST" time="2.657" errors="0">
  <testcase name="jsonplaceholderCommentVerification" time="2.63" classname="pkg1.PathScenarios"/>
  <testcase name="getListOfUsersUsingFileRead" time="0.0" classname="pkg1.PathScenarios">
    <ignored/>
  </testcase> <!-- getListOfUsersUsingFileRead -->
  <testcase name="rootPathinRest" time="0.0" classname="pkg1.PathScenarios">
    <ignored/>
  </testcase> <!-- rootPathinRest -->
  <testcase name="PrepareSpecification" time="0.0" classname="pkg1.PathScenarios">
    <ignored/>
  </testcase> <!-- PrepareSpecification -->
</testsuite> <!-- Default test -->
