<?xml version="1.0" encoding="UTF-8"?>
<testng-results skipped="0" failed="0" ignored="0" total="2" passed="2">
  <reporter-output>
  </reporter-output>
  <suite name="Surefire suite" duration-ms="3270" started-at="2020-07-15T15:34:35 IST" finished-at="2020-07-15T15:34:38 IST">
    <groups>
    </groups>
    <test name="Surefire test" duration-ms="3270" started-at="2020-07-15T15:34:35 IST" finished-at="2020-07-15T15:34:38 IST">
      <class name="pkg1.TestClass1">
        <test-method status="PASS" signature="getListOfUsers()[pri:0, instance:pkg1.TestClass1@1e397ed7]" name="getListOfUsers" duration-ms="2444" started-at="2020-07-15T15:34:35 IST" finished-at="2020-07-15T15:34:37 IST">
          <reporter-output>
          </reporter-output>
        </test-method> <!-- getListOfUsers -->
        <test-method status="PASS" signature="getListOfUsers1()[pri:0, instance:pkg1.TestClass1@1e397ed7]" name="getListOfUsers1" duration-ms="802" started-at="2020-07-15T15:34:37 IST" finished-at="2020-07-15T15:34:38 IST">
          <reporter-output>
          </reporter-output>
        </test-method> <!-- getListOfUsers1 -->
      </class> <!-- pkg1.TestClass1 -->
    </test> <!-- Surefire test -->
  </suite> <!-- Surefire suite -->
</testng-results>
