<?xml version="1.0" encoding="UTF-8"?>
<testng-results skipped="0" failed="0" ignored="3" total="4" passed="1">
  <reporter-output>
  </reporter-output>
  <suite name="Default suite" duration-ms="2371" started-at="2020-07-15T16:05:40 IST" finished-at="2020-07-15T16:05:43 IST">
    <groups>
    </groups>
    <test name="Default test" duration-ms="2371" started-at="2020-07-15T16:05:40 IST" finished-at="2020-07-15T16:05:43 IST">
      <class name="pkg1.TestClass2">
        <test-method status="PASS" signature="getListOfUsers2()[pri:0, instance:pkg1.TestClass2@26aa12dd]" name="getListOfUsers2" duration-ms="2337" started-at="2020-07-15T16:05:40 IST" finished-at="2020-07-15T16:05:43 IST">
          <reporter-output>
          </reporter-output>
        </test-method> <!-- getListOfUsers2 -->
      </class> <!-- pkg1.TestClass2 -->
    </test> <!-- Default test -->
  </suite> <!-- Default suite -->
</testng-results>
